<?xml version="1.0" encoding="UTF-8"?>
<!-- Generated by org.testng.reporters.JUnitReportReporter -->
<testsuite hostname="DESKTOP-LTU6D8L" failures="0" tests="1" name="com.eBanking.testCases.TC_LoginTest_001" time="1.493" errors="0" timestamp="2021-03-27T11:13:39 PDT" skipped="0">
  <testcase classname="com.eBanking.testCases.TC_LoginTest_001" name="loginTest" time="1.493"/>
  <system-out/>
</testsuite> <!-- com.eBanking.testCases.TC_LoginTest_001 -->
